<?xml version="1.0" encoding="UTF-8"?>
<!-- Generated by org.testng.reporters.JUnitReportReporter -->
<testsuite skipped="0" hostname="HP" name="com.alexandrovskiy.DemoFiddle.tests.LogInTest" tests="1" failures="0" timestamp="07 Sep 2017 08:04:54 GMT" time="2.060" errors="0">
  <testcase name="logIn" time="2.060" classname="com.alexandrovskiy.DemoFiddle.tests.LogInTest"/>
</testsuite> <!-- com.alexandrovskiy.DemoFiddle.tests.LogInTest -->
